<?xml version="1.0" encoding="utf-8"?><testsuites><testsuite errors="0" failures="0" hostname="marcos-XPS-13-9310" name="pytest" skipped="0" tests="25" time="0.140" timestamp="2024-03-30T22:08:07.204489"><testcase classname="tests.test_access_control_list" name="test_add_acl_mapping_success" time="0.003"></testcase><testcase classname="tests.test_access_control_list" name="test_add_acl_mapping_unauthorized" time="0.002"></testcase><testcase classname="tests.test_access_control_list" name="test_add_acl_mapping_project_not_found" time="0.002"></testcase><testcase classname="tests.test_access_control_list" name="test_add_acl_mapping_mapping_already_exists" time="0.002"></testcase><testcase classname="tests.test_access_control_list" name="test_delete_acl_mapping_success" time="0.003"></testcase><testcase classname="tests.test_access_control_list" name="test_delete_acl_mapping_unauthorized" time="0.002"></testcase><testcase classname="tests.test_access_control_list" name="test_delete_acl_mapping_team_or_project_not_found" time="0.002"></testcase><testcase classname="tests.test_access_control_list" name="test_delete_acl_mapping_unexpected_status" time="0.002"></testcase><testcase classname="tests.test_access_control_list" name="test_retrieve_projects_for_team_success" time="0.003"></testcase><testcase classname="tests.test_access_control_list" name="test_retrieve_projects_for_team_unauthorized" time="0.002"></testcase><testcase classname="tests.test_access_control_list" name="test_retrieve_projects_for_team_team_or_project_not_found" time="0.002"></testcase><testcase classname="tests.test_access_control_list" name="test_retrieve_projects_for_team_unexpected_status" time="0.002"></testcase><testcase classname="tests.test_analysis" name="test_retrieve_analysis_success" time="0.003"></testcase><testcase classname="tests.test_analysis" name="test_retrieve_analysis_unauthorized" time="0.003"></testcase><testcase classname="tests.test_analysis" name="test_retrieve_analysis_not_found" time="0.002"></testcase><testcase classname="tests.test_analysis" name="test_update_analysis_success" time="0.002"></testcase><testcase classname="tests.test_analysis" name="test_update_analysis_unauthorized" time="0.002"></testcase><testcase classname="tests.test_analysis" name="test_update_analysis_not_found" time="0.014"></testcase><testcase classname="tests.test_dependency_track_api" name="test_dependency_track_api_version" time="0.000"></testcase><testcase classname="tests.test_dependency_track_api" name="test_dependency_track_api" time="0.002"></testcase><testcase classname="tests.test_dependency_track_api" name="test_dependency_track_api_error_handling" time="0.001"></testcase><testcase classname="tests.test_session" name="test_get_method" time="0.001"></testcase><testcase classname="tests.test_session" name="test_post_method" time="0.001"></testcase><testcase classname="tests.test_session" name="test_put_method" time="0.001"></testcase><testcase classname="tests.test_session" name="test_delete_method" time="0.001"></testcase></testsuite></testsuites>