<?xml version="1.0" encoding="utf-8"?><testsuites><testsuite errors="0" failures="0" hostname="marcos-XPS-13-9310" name="pytest" skipped="0" tests="4" time="0.046" timestamp="2024-03-30T18:09:09.405673"><testcase classname="tests.test_dependency_track_api" name="test_dependency_track_api_version" time="0.001"></testcase><testcase classname="tests.test_dependency_track_api" name="test_dependency_track_api_with_mock" time="0.003"></testcase><testcase classname="tests.test_dependency_track_api" name="test_dependency_track_api_initialization_failure" time="0.001"></testcase><testcase classname="tests.test_dependency_track_api" name="test_dependency_track_api_error_handling" time="0.001"></testcase></testsuite></testsuites>